#
# There is insufficient memory for the Java Runtime Environment to continue.
# Native memory allocation (malloc) failed to allocate 1048576 bytes for AllocateHeap
# Possible reasons:
#   The system is out of physical RAM or swap space
#   The process is running with CompressedOops enabled, and the Java Heap may be blocking the growth of the native heap
# Possible solutions:
#   Reduce memory load on the system
#   Increase physical memory or swap space
#   Check if swap backing store is full
#   Decrease Java heap size (-Xmx/-Xms)
#   Decrease number of Java threads
#   Decrease Java thread stack sizes (-Xss)
#   Set larger code cache with -XX:ReservedCodeCacheSize=
#   JVM is running with Unscaled Compressed Oops mode in which the Java heap is
#     placed in the first 4GB address space. The Java Heap base address is the
#     maximum limit for the native heap growth. Please use -XX:HeapBaseMinAddress
#     to set the Java Heap base and to place the Java Heap above 4GB virtual address.
# This output file may be truncated or incomplete.
#
#  Out of Memory Error (allocation.cpp:44), pid=23800, tid=17752
#
# JRE version: Java(TM) SE Runtime Environment (17.0.9+11) (build 17.0.9+11-LTS-201)
# Java VM: Java HotSpot(TM) 64-Bit Server VM (17.0.9+11-LTS-201, mixed mode, sharing, tiered, compressed oops, compressed class ptrs, g1 gc, windows-amd64)
# Core dump will be written. Default location: C:\Users\Iuri\Desktop\face\hs_err_pid23800.mdmp
#

---------------  S U M M A R Y ------------

Command Line: -Dfile.encoding=UTF-8 -Dstdout.encoding=UTF-8 -Dstderr.encoding=UTF-8 -XX:+ShowCodeDetailsInExceptionMessages com.br.face.FaceApplication

Host: Intel Core Processor (Broadwell, IBRS), 4 cores, 5G,  Windows Server 2019 , 64 bit Build 17763 (10.0.17763.475)
Time: Thu May  9 02:36:14 2024 E. South America Standard Time elapsed time: 236.467706 seconds (0d 0h 3m 56s)

---------------  T H R E A D  ---------------

Current thread (0x0000016ed928b790):  VMThread "VM Thread" [stack: 0x0000002667900000,0x0000002667a00000] [id=17752]

Stack: [0x0000002667900000,0x0000002667a00000]
Native frames: (J=compiled Java code, j=interpreted, Vv=VM code, C=native code)
V  [jvm.dll+0x678a4a]
V  [jvm.dll+0x7d9cfd]
V  [jvm.dll+0x7db60e]
V  [jvm.dll+0x7dbc73]
V  [jvm.dll+0x245e1f]
V  [jvm.dll+0xa5173]
V  [jvm.dll+0x2f4973]
V  [jvm.dll+0x2f08d0]
V  [jvm.dll+0x2d8ea7]
V  [jvm.dll+0x31ba17]
V  [jvm.dll+0x7e048b]
V  [jvm.dll+0x7e11c4]
V  [jvm.dll+0x7e16dd]
V  [jvm.dll+0x7e1ab4]
V  [jvm.dll+0x7e1b80]
V  [jvm.dll+0x78998a]
V  [jvm.dll+0x677875]
C  [ucrtbase.dll+0x21ffa]
C  [KERNEL32.DLL+0x17974]
C  [ntdll.dll+0x6a271]

VM_Operation (0x000000266a2ff1c0): G1CollectFull, mode: safepoint, requested by thread 0x0000016f235169a0


---------------  P R O C E S S  ---------------

Threads class SMR info:
_java_thread_list=0x0000016f21e34aa0, length=18, elements={
0x0000016ed9293740, 0x0000016ed9295590, 0x0000016ed92a5c10, 0x0000016ed92a64e0,
0x0000016ed92a6db0, 0x0000016ed92a7680, 0x0000016ed92a8280, 0x0000016ed9315fb0,
0x0000016ed931d0c0, 0x0000016ed961bc00, 0x0000016ed95ddd30, 0x0000016f234c0ea0,
0x0000016f234c18c0, 0x0000016f235173c0, 0x0000016f23514b40, 0x0000016f23515560,
0x0000016f23516490, 0x0000016f235169a0
}

Java Threads: ( => current thread )
  0x0000016ed9293740 JavaThread "Reference Handler" daemon [_thread_blocked, id=4532, stack(0x0000002667a00000,0x0000002667b00000)]
  0x0000016ed9295590 JavaThread "Finalizer" daemon [_thread_blocked, id=21492, stack(0x0000002667b00000,0x0000002667c00000)]
  0x0000016ed92a5c10 JavaThread "Signal Dispatcher" daemon [_thread_blocked, id=14260, stack(0x0000002667c00000,0x0000002667d00000)]
  0x0000016ed92a64e0 JavaThread "Attach Listener" daemon [_thread_blocked, id=18428, stack(0x0000002667d00000,0x0000002667e00000)]
  0x0000016ed92a6db0 JavaThread "Service Thread" daemon [_thread_blocked, id=8244, stack(0x0000002667e00000,0x0000002667f00000)]
  0x0000016ed92a7680 JavaThread "Monitor Deflation Thread" daemon [_thread_blocked, id=8236, stack(0x0000002667f00000,0x0000002668000000)]
  0x0000016ed92a8280 JavaThread "C2 CompilerThread0" daemon [_thread_blocked, id=7360, stack(0x0000002668000000,0x0000002668100000)]
  0x0000016ed9315fb0 JavaThread "C1 CompilerThread0" daemon [_thread_blocked, id=15056, stack(0x0000002668100000,0x0000002668200000)]
  0x0000016ed931d0c0 JavaThread "Sweeper thread" daemon [_thread_blocked, id=21164, stack(0x0000002668200000,0x0000002668300000)]
  0x0000016ed961bc00 JavaThread "Notification Thread" daemon [_thread_blocked, id=23580, stack(0x0000002668300000,0x0000002668400000)]
  0x0000016ed95ddd30 JavaThread "Common-Cleaner" daemon [_thread_blocked, id=4436, stack(0x0000002668500000,0x0000002668600000)]
  0x0000016f234c0ea0 JavaThread "Catalina-utility-1" [_thread_blocked, id=13564, stack(0x0000002668c00000,0x0000002668d00000)]
  0x0000016f234c18c0 JavaThread "Catalina-utility-2" [_thread_blocked, id=11172, stack(0x0000002668d00000,0x0000002668e00000)]
  0x0000016f235173c0 JavaThread "Live Reload Server" daemon [_thread_in_native, id=13824, stack(0x0000002669400000,0x0000002669500000)]
  0x0000016f23514b40 JavaThread "DestroyJavaVM" [_thread_blocked, id=9380, stack(0x0000002667300000,0x0000002667400000)]
  0x0000016f23515560 JavaThread "JavaCPP Deallocator" daemon [_thread_blocked, id=21752, stack(0x0000002667000000,0x0000002667100000)]
  0x0000016f23516490 JavaThread "Java2D Disposer" daemon [_thread_blocked, id=20560, stack(0x000000266af00000,0x000000266b000000)]
  0x0000016f235169a0 JavaThread "Thread-5" [_thread_blocked, id=6736, stack(0x000000266a200000,0x000000266a300000)]

Other Threads:
=>0x0000016ed928b790 VMThread "VM Thread" [stack: 0x0000002667900000,0x0000002667a00000] [id=17752]
  0x0000016ed932ecf0 WatcherThread [stack: 0x0000002668400000,0x0000002668500000] [id=20920]
  0x0000016ebccd7830 GCTaskThread "GC Thread#0" [stack: 0x0000002667400000,0x0000002667500000] [id=7616]
  0x0000016f1f579230 GCTaskThread "GC Thread#1" [stack: 0x0000002668700000,0x0000002668800000] [id=12484]
  0x0000016f1f99ebc0 GCTaskThread "GC Thread#2" [stack: 0x0000002668800000,0x0000002668900000] [id=5852]
  0x0000016f1fbb6d50 GCTaskThread "GC Thread#3" [stack: 0x0000002668900000,0x0000002668a00000] [id=21772]
  0x0000016ebcce5aa0 ConcurrentGCThread "G1 Main Marker" [stack: 0x0000002667500000,0x0000002667600000] [id=15476]
  0x0000016ebcce90e0 ConcurrentGCThread "G1 Conc#0" [stack: 0x0000002667600000,0x0000002667700000] [id=8856]
  0x0000016ed91504a0 ConcurrentGCThread "G1 Refine#0" [stack: 0x0000002667700000,0x0000002667800000] [id=16840]
  0x0000016ed91526a0 ConcurrentGCThread "G1 Service" [stack: 0x0000002667800000,0x0000002667900000] [id=9780]

Threads with active compile tasks:
C1 CompilerThread0   236519 8670  s    3       org.apache.catalina.util.LifecycleBase::setStateInternal (144 bytes)

VM state: at safepoint (normal execution)

VM Mutex/Monitor currently owned by a thread:  ([mutex/lock_event])
[0x0000016ebcc8d590] Threads_lock - owner thread: 0x0000016ed928b790
[0x0000016ebcc8cdb0] Heap_lock - owner thread: 0x0000016f235169a0

Heap address: 0x00000000a0000000, size: 1536 MB, Compressed Oops mode: 32-bit

CDS archive(s) mapped at: [0x0000016eda000000-0x0000016edabd0000-0x0000016edabd0000), size 12386304, SharedBaseAddress: 0x0000016eda000000, ArchiveRelocationMode: 1.
Compressed class space mapped at: 0x0000016edb000000-0x0000016f1b000000, reserved size: 1073741824
Narrow klass base: 0x0000016eda000000, Narrow klass shift: 0, Narrow klass range: 0x100000000

GC Precious Log:
 CPUs: 4 total, 4 available
 Memory: 6143M
 Large Page Support: Disabled
 NUMA Support: Disabled
 Compressed Oops: Enabled (32-bit)
 Heap Region Size: 1M
 Heap Min Capacity: 8M
 Heap Initial Capacity: 96M
 Heap Max Capacity: 1536M
 Pre-touch: Disabled
 Parallel Workers: 4
 Concurrent Workers: 1
 Concurrent Refinement Workers: 4
 Periodic GC: Disabled

Heap:
 garbage-first heap   total 167936K, used 91681K [0x00000000a0000000, 0x0000000100000000)
  region size 1024K, 46 young (47104K), 1 survivors (1024K)
 Metaspace       used 88411K, committed 89152K, reserved 1179648K
  class space    used 10997K, committed 11328K, reserved 1048576K

Heap Regions: E=young(eden), S=young(survivor), O=old, HS=humongous(starts), HC=humongous(continues), CS=collection set, F=free, OA=open archive, CA=closed archive, TAMS=top-at-mark-start (previous, next)
|   0|0x00000000a0000000, 0x00000000a0100000, 0x00000000a0100000|100%| O|  |TAMS 0x00000000a0100000, 0x00000000a0000000| Untracked 
|   1|0x00000000a0100000, 0x00000000a0200000, 0x00000000a0200000|100%| O|  |TAMS 0x00000000a0200000, 0x00000000a0100000| Untracked 
|   2|0x00000000a0200000, 0x00000000a0300000, 0x00000000a0300000|100%| O|  |TAMS 0x00000000a0300000, 0x00000000a0200000| Untracked 
|   3|0x00000000a0300000, 0x00000000a0400000, 0x00000000a0400000|100%| O|  |TAMS 0x00000000a0400000, 0x00000000a0300000| Untracked 
|   4|0x00000000a0400000, 0x00000000a0500000, 0x00000000a0500000|100%| O|  |TAMS 0x00000000a0500000, 0x00000000a0400000| Untracked 
|   5|0x00000000a0500000, 0x00000000a0600000, 0x00000000a0600000|100%|HS|  |TAMS 0x00000000a0600000, 0x00000000a0500000| Complete 
|   6|0x00000000a0600000, 0x00000000a0700000, 0x00000000a0700000|100%| O|  |TAMS 0x00000000a0700000, 0x00000000a0600000| Untracked 
|   7|0x00000000a0700000, 0x00000000a0800000, 0x00000000a0800000|100%| O|  |TAMS 0x00000000a0800000, 0x00000000a0700000| Untracked 
|   8|0x00000000a0800000, 0x00000000a0900000, 0x00000000a0900000|100%| O|  |TAMS 0x00000000a0900000, 0x00000000a0800000| Untracked 
|   9|0x00000000a0900000, 0x00000000a0a00000, 0x00000000a0a00000|100%| O|  |TAMS 0x00000000a0a00000, 0x00000000a0900000| Untracked 
|  10|0x00000000a0a00000, 0x00000000a0b00000, 0x00000000a0b00000|100%| O|  |TAMS 0x00000000a0b00000, 0x00000000a0a00000| Untracked 
|  11|0x00000000a0b00000, 0x00000000a0c00000, 0x00000000a0c00000|100%| O|  |TAMS 0x00000000a0c00000, 0x00000000a0b00000| Untracked 
|  12|0x00000000a0c00000, 0x00000000a0d00000, 0x00000000a0d00000|100%| O|  |TAMS 0x00000000a0d00000, 0x00000000a0c00000| Untracked 
|  13|0x00000000a0d00000, 0x00000000a0e00000, 0x00000000a0e00000|100%| O|  |TAMS 0x00000000a0e00000, 0x00000000a0d00000| Untracked 
|  14|0x00000000a0e00000, 0x00000000a0ef4c00, 0x00000000a0f00000| 95%| O|  |TAMS 0x00000000a0ef4c00, 0x00000000a0e00000| Untracked 
|  15|0x00000000a0f00000, 0x00000000a1000000, 0x00000000a1000000|100%| O|  |TAMS 0x00000000a1000000, 0x00000000a0f00000| Untracked 
|  16|0x00000000a1000000, 0x00000000a1100000, 0x00000000a1100000|100%| O|  |TAMS 0x00000000a1100000, 0x00000000a1000000| Untracked 
|  17|0x00000000a1100000, 0x00000000a1200000, 0x00000000a1200000|100%| O|  |TAMS 0x00000000a1200000, 0x00000000a1100000| Untracked 
|  18|0x00000000a1200000, 0x00000000a1300000, 0x00000000a1300000|100%| O|  |TAMS 0x00000000a1300000, 0x00000000a1200000| Untracked 
|  19|0x00000000a1300000, 0x00000000a1400000, 0x00000000a1400000|100%| O|  |TAMS 0x00000000a1400000, 0x00000000a1300000| Untracked 
|  20|0x00000000a1400000, 0x00000000a1500000, 0x00000000a1500000|100%| O|  |TAMS 0x00000000a1500000, 0x00000000a1400000| Untracked 
|  21|0x00000000a1500000, 0x00000000a1600000, 0x00000000a1600000|100%| O|  |TAMS 0x00000000a1600000, 0x00000000a1500000| Untracked 
|  22|0x00000000a1600000, 0x00000000a1700000, 0x00000000a1700000|100%| O|  |TAMS 0x00000000a1700000, 0x00000000a1600000| Untracked 
|  23|0x00000000a1700000, 0x00000000a1800000, 0x00000000a1800000|100%| O|  |TAMS 0x00000000a1800000, 0x00000000a1700000| Untracked 
|  24|0x00000000a1800000, 0x00000000a1900000, 0x00000000a1900000|100%| O|  |TAMS 0x00000000a1900000, 0x00000000a1800000| Untracked 
|  25|0x00000000a1900000, 0x00000000a1a00000, 0x00000000a1a00000|100%| O|  |TAMS 0x00000000a1a00000, 0x00000000a1900000| Untracked 
|  26|0x00000000a1a00000, 0x00000000a1b00000, 0x00000000a1b00000|100%| O|  |TAMS 0x00000000a1b00000, 0x00000000a1a00000| Untracked 
|  27|0x00000000a1b00000, 0x00000000a1c00000, 0x00000000a1c00000|100%| O|  |TAMS 0x00000000a1c00000, 0x00000000a1b00000| Untracked 
|  28|0x00000000a1c00000, 0x00000000a1d00000, 0x00000000a1d00000|100%| O|  |TAMS 0x00000000a1d00000, 0x00000000a1c00000| Untracked 
|  29|0x00000000a1d00000, 0x00000000a1e00000, 0x00000000a1e00000|100%| O|  |TAMS 0x00000000a1e00000, 0x00000000a1d00000| Untracked 
|  30|0x00000000a1e00000, 0x00000000a1f00000, 0x00000000a1f00000|100%| O|  |TAMS 0x00000000a1f00000, 0x00000000a1e00000| Untracked 
|  31|0x00000000a1f00000, 0x00000000a2000000, 0x00000000a2000000|100%| O|  |TAMS 0x00000000a2000000, 0x00000000a1f00000| Untracked 
|  32|0x00000000a2000000, 0x00000000a2100000, 0x00000000a2100000|100%| O|  |TAMS 0x00000000a2100000, 0x00000000a2000000| Untracked 
|  33|0x00000000a2100000, 0x00000000a2200000, 0x00000000a2200000|100%| O|  |TAMS 0x00000000a2200000, 0x00000000a2100000| Untracked 
|  34|0x00000000a2200000, 0x00000000a2300000, 0x00000000a2300000|100%| O|  |TAMS 0x00000000a2300000, 0x00000000a2200000| Untracked 
|  35|0x00000000a2300000, 0x00000000a2300000, 0x00000000a2400000|  0%| F|  |TAMS 0x00000000a2300000, 0x00000000a2300000| Untracked 
|  36|0x00000000a2400000, 0x00000000a2450200, 0x00000000a2500000| 31%| O|  |TAMS 0x00000000a2450200, 0x00000000a2400000| Untracked 
|  37|0x00000000a2500000, 0x00000000a2500000, 0x00000000a2600000|  0%| F|  |TAMS 0x00000000a2500000, 0x00000000a2500000| Untracked 
|  38|0x00000000a2600000, 0x00000000a2600000, 0x00000000a2700000|  0%| F|  |TAMS 0x00000000a2600000, 0x00000000a2600000| Untracked 
|  39|0x00000000a2700000, 0x00000000a2800000, 0x00000000a2800000|100%| O|  |TAMS 0x00000000a2800000, 0x00000000a2700000| Untracked 
|  40|0x00000000a2800000, 0x00000000a2900000, 0x00000000a2900000|100%| O|  |TAMS 0x00000000a2900000, 0x00000000a2800000| Untracked 
|  41|0x00000000a2900000, 0x00000000a2900000, 0x00000000a2a00000|  0%| F|  |TAMS 0x00000000a2900000, 0x00000000a2900000| Untracked 
|  42|0x00000000a2a00000, 0x00000000a2a00000, 0x00000000a2b00000|  0%| F|  |TAMS 0x00000000a2a00000, 0x00000000a2a00000| Untracked 
|  43|0x00000000a2b00000, 0x00000000a2c00000, 0x00000000a2c00000|100%| O|  |TAMS 0x00000000a2c00000, 0x00000000a2b00000| Untracked 
|  44|0x00000000a2c00000, 0x00000000a2c00000, 0x00000000a2d00000|  0%| F|  |TAMS 0x00000000a2c00000, 0x00000000a2c00000| Untracked 
|  45|0x00000000a2d00000, 0x00000000a2d00000, 0x00000000a2e00000|  0%| F|  |TAMS 0x00000000a2d00000, 0x00000000a2d00000| Untracked 
|  46|0x00000000a2e00000, 0x00000000a2e00000, 0x00000000a2f00000|  0%| F|  |TAMS 0x00000000a2e00000, 0x00000000a2e00000| Untracked 
|  47|0x00000000a2f00000, 0x00000000a3000000, 0x00000000a3000000|100%| O|  |TAMS 0x00000000a3000000, 0x00000000a2f00000| Untracked 
|  48|0x00000000a3000000, 0x00000000a3000000, 0x00000000a3100000|  0%| F|  |TAMS 0x00000000a3000000, 0x00000000a3000000| Untracked 
|  49|0x00000000a3100000, 0x00000000a3100000, 0x00000000a3200000|  0%| F|  |TAMS 0x00000000a3100000, 0x00000000a3100000| Untracked 
|  50|0x00000000a3200000, 0x00000000a3200000, 0x00000000a3300000|  0%| F|  |TAMS 0x00000000a3200000, 0x00000000a3200000| Untracked 
|  51|0x00000000a3300000, 0x00000000a3300000, 0x00000000a3400000|  0%| F|  |TAMS 0x00000000a3300000, 0x00000000a3300000| Untracked 
|  52|0x00000000a3400000, 0x00000000a3400000, 0x00000000a3500000|  0%| F|  |TAMS 0x00000000a3400000, 0x00000000a3400000| Untracked 
|  53|0x00000000a3500000, 0x00000000a3500000, 0x00000000a3600000|  0%| F|  |TAMS 0x00000000a3500000, 0x00000000a3500000| Untracked 
|  54|0x00000000a3600000, 0x00000000a3600000, 0x00000000a3700000|  0%| F|  |TAMS 0x00000000a3600000, 0x00000000a3600000| Untracked 
|  55|0x00000000a3700000, 0x00000000a3700000, 0x00000000a3800000|  0%| F|  |TAMS 0x00000000a3700000, 0x00000000a3700000| Untracked 
|  56|0x00000000a3800000, 0x00000000a3900000, 0x00000000a3900000|100%| O|  |TAMS 0x00000000a3900000, 0x00000000a3800000| Untracked 
|  57|0x00000000a3900000, 0x00000000a3900000, 0x00000000a3a00000|  0%| F|  |TAMS 0x00000000a3900000, 0x00000000a3900000| Untracked 
|  58|0x00000000a3a00000, 0x00000000a3a00000, 0x00000000a3b00000|  0%| F|  |TAMS 0x00000000a3a00000, 0x00000000a3a00000| Untracked 
|  59|0x00000000a3b00000, 0x00000000a3b00000, 0x00000000a3c00000|  0%| F|  |TAMS 0x00000000a3b00000, 0x00000000a3b00000| Untracked 
|  60|0x00000000a3c00000, 0x00000000a3c00000, 0x00000000a3d00000|  0%| F|  |TAMS 0x00000000a3c00000, 0x00000000a3c00000| Untracked 
|  61|0x00000000a3d00000, 0x00000000a3d00000, 0x00000000a3e00000|  0%| F|  |TAMS 0x00000000a3d00000, 0x00000000a3d00000| Untracked 
|  62|0x00000000a3e00000, 0x00000000a3e00000, 0x00000000a3f00000|  0%| F|  |TAMS 0x00000000a3e00000, 0x00000000a3e00000| Untracked 
|  63|0x00000000a3f00000, 0x00000000a3f00000, 0x00000000a4000000|  0%| F|  |TAMS 0x00000000a3f00000, 0x00000000a3f00000| Untracked 
|  64|0x00000000a4000000, 0x00000000a4000000, 0x00000000a4100000|  0%| F|  |TAMS 0x00000000a4000000, 0x00000000a4000000| Untracked 
|  65|0x00000000a4100000, 0x00000000a4100000, 0x00000000a4200000|  0%| F|  |TAMS 0x00000000a4100000, 0x00000000a4100000| Untracked 
|  66|0x00000000a4200000, 0x00000000a4200000, 0x00000000a4300000|  0%| F|  |TAMS 0x00000000a4200000, 0x00000000a4200000| Untracked 
|  67|0x00000000a4300000, 0x00000000a4300000, 0x00000000a4400000|  0%| F|  |TAMS 0x00000000a4300000, 0x00000000a4300000| Untracked 
|  68|0x00000000a4400000, 0x00000000a4400000, 0x00000000a4500000|  0%| F|  |TAMS 0x00000000a4400000, 0x00000000a4400000| Untracked 
|  69|0x00000000a4500000, 0x00000000a4500000, 0x00000000a4600000|  0%| F|  |TAMS 0x00000000a4500000, 0x00000000a4500000| Untracked 
|  70|0x00000000a4600000, 0x00000000a4600000, 0x00000000a4700000|  0%| F|  |TAMS 0x00000000a4600000, 0x00000000a4600000| Untracked 
|  71|0x00000000a4700000, 0x00000000a4700000, 0x00000000a4800000|  0%| F|  |TAMS 0x00000000a4700000, 0x00000000a4700000| Untracked 
|  72|0x00000000a4800000, 0x00000000a4800000, 0x00000000a4900000|  0%| F|  |TAMS 0x00000000a4800000, 0x00000000a4800000| Untracked 
|  73|0x00000000a4900000, 0x00000000a4900000, 0x00000000a4a00000|  0%| F|  |TAMS 0x00000000a4900000, 0x00000000a4900000| Untracked 
|  74|0x00000000a4a00000, 0x00000000a4a00000, 0x00000000a4b00000|  0%| F|  |TAMS 0x00000000a4a00000, 0x00000000a4a00000| Untracked 
|  75|0x00000000a4b00000, 0x00000000a4b00000, 0x00000000a4c00000|  0%| F|  |TAMS 0x00000000a4b00000, 0x00000000a4b00000| Untracked 
|  76|0x00000000a4c00000, 0x00000000a4c00000, 0x00000000a4d00000|  0%| F|  |TAMS 0x00000000a4c00000, 0x00000000a4c00000| Untracked 
|  77|0x00000000a4d00000, 0x00000000a4d00000, 0x00000000a4e00000|  0%| F|  |TAMS 0x00000000a4d00000, 0x00000000a4d00000| Untracked 
|  78|0x00000000a4e00000, 0x00000000a4e00000, 0x00000000a4f00000|  0%| F|  |TAMS 0x00000000a4e00000, 0x00000000a4e00000| Untracked 
|  79|0x00000000a4f00000, 0x00000000a4f00000, 0x00000000a5000000|  0%| F|  |TAMS 0x00000000a4f00000, 0x00000000a4f00000| Untracked 
|  80|0x00000000a5000000, 0x00000000a5000000, 0x00000000a5100000|  0%| F|  |TAMS 0x00000000a5000000, 0x00000000a5000000| Untracked 
|  81|0x00000000a5100000, 0x00000000a5100000, 0x00000000a5200000|  0%| F|  |TAMS 0x00000000a5100000, 0x00000000a5100000| Untracked 
|  82|0x00000000a5200000, 0x00000000a5200000, 0x00000000a5300000|  0%| F|  |TAMS 0x00000000a5200000, 0x00000000a5200000| Untracked 
|  83|0x00000000a5300000, 0x00000000a5300000, 0x00000000a5400000|  0%| F|  |TAMS 0x00000000a5300000, 0x00000000a5300000| Untracked 
|  84|0x00000000a5400000, 0x00000000a5400000, 0x00000000a5500000|  0%| F|  |TAMS 0x00000000a5400000, 0x00000000a5400000| Untracked 
|  85|0x00000000a5500000, 0x00000000a5500000, 0x00000000a5600000|  0%| F|  |TAMS 0x00000000a5500000, 0x00000000a5500000| Untracked 
|  86|0x00000000a5600000, 0x00000000a5600000, 0x00000000a5700000|  0%| F|  |TAMS 0x00000000a5600000, 0x00000000a5600000| Untracked 
|  87|0x00000000a5700000, 0x00000000a5700000, 0x00000000a5800000|  0%| F|  |TAMS 0x00000000a5700000, 0x00000000a5700000| Untracked 
|  88|0x00000000a5800000, 0x00000000a5800000, 0x00000000a5900000|  0%| F|  |TAMS 0x00000000a5800000, 0x00000000a5800000| Untracked 
|  89|0x00000000a5900000, 0x00000000a5900000, 0x00000000a5a00000|  0%| F|  |TAMS 0x00000000a5900000, 0x00000000a5900000| Untracked 
|  90|0x00000000a5a00000, 0x00000000a5a00000, 0x00000000a5b00000|  0%| F|  |TAMS 0x00000000a5a00000, 0x00000000a5a00000| Untracked 
|  91|0x00000000a5b00000, 0x00000000a5b00000, 0x00000000a5c00000|  0%| F|  |TAMS 0x00000000a5b00000, 0x00000000a5b00000| Untracked 
|  92|0x00000000a5c00000, 0x00000000a5c00000, 0x00000000a5d00000|  0%| F|  |TAMS 0x00000000a5c00000, 0x00000000a5c00000| Untracked 
|  93|0x00000000a5d00000, 0x00000000a5e00000, 0x00000000a5e00000|100%|HS|  |TAMS 0x00000000a5d00000, 0x00000000a5d00000| Complete 
|  94|0x00000000a5e00000, 0x00000000a5f00000, 0x00000000a5f00000|100%| O|  |TAMS 0x00000000a5e00000, 0x00000000a5e00000| Untracked 
|  95|0x00000000a5f00000, 0x00000000a5f00000, 0x00000000a6000000|  0%| F|  |TAMS 0x00000000a5f00000, 0x00000000a5f00000| Untracked 
|  96|0x00000000a6000000, 0x00000000a6000000, 0x00000000a6100000|  0%| F|  |TAMS 0x00000000a6000000, 0x00000000a6000000| Untracked 
|  97|0x00000000a6100000, 0x00000000a6100000, 0x00000000a6200000|  0%| F|  |TAMS 0x00000000a6100000, 0x00000000a6100000| Untracked 
|  98|0x00000000a6200000, 0x00000000a6200000, 0x00000000a6300000|  0%| F|  |TAMS 0x00000000a6200000, 0x00000000a6200000| Untracked 
|  99|0x00000000a6300000, 0x00000000a6400000, 0x00000000a6400000|100%| O|  |TAMS 0x00000000a6300000, 0x00000000a6300000| Untracked 
| 100|0x00000000a6400000, 0x00000000a6500000, 0x00000000a6500000|100%| O|  |TAMS 0x00000000a6400000, 0x00000000a6400000| Untracked 
| 101|0x00000000a6500000, 0x00000000a6543800, 0x00000000a6600000| 26%| O|  |TAMS 0x00000000a6500000, 0x00000000a6500000| Untracked 
| 102|0x00000000a6600000, 0x00000000a6600000, 0x00000000a6700000|  0%| F|  |TAMS 0x00000000a6600000, 0x00000000a6600000| Untracked 
| 103|0x00000000a6700000, 0x00000000a6700000, 0x00000000a6800000|  0%| F|  |TAMS 0x00000000a6700000, 0x00000000a6700000| Untracked 
| 104|0x00000000a6800000, 0x00000000a6800000, 0x00000000a6900000|  0%| F|  |TAMS 0x00000000a6800000, 0x00000000a6800000| Untracked 
| 105|0x00000000a6900000, 0x00000000a6900000, 0x00000000a6a00000|  0%| F|  |TAMS 0x00000000a6900000, 0x00000000a6900000| Untracked 
| 106|0x00000000a6a00000, 0x00000000a6a00000, 0x00000000a6b00000|  0%| F|  |TAMS 0x00000000a6a00000, 0x00000000a6a00000| Untracked 
| 107|0x00000000a6b00000, 0x00000000a6b00000, 0x00000000a6c00000|  0%| F|  |TAMS 0x00000000a6b00000, 0x00000000a6b00000| Untracked 
| 108|0x00000000a6c00000, 0x00000000a6c00000, 0x00000000a6d00000|  0%| F|  |TAMS 0x00000000a6c00000, 0x00000000a6c00000| Untracked 
| 109|0x00000000a6d00000, 0x00000000a6d00000, 0x00000000a6e00000|  0%| F|  |TAMS 0x00000000a6d00000, 0x00000000a6d00000| Untracked 
| 110|0x00000000a6e00000, 0x00000000a6e00000, 0x00000000a6f00000|  0%| F|  |TAMS 0x00000000a6e00000, 0x00000000a6e00000| Untracked 
| 111|0x00000000a6f00000, 0x00000000a6f00000, 0x00000000a7000000|  0%| F|  |TAMS 0x00000000a6f00000, 0x00000000a6f00000| Untracked 
| 112|0x00000000a7000000, 0x00000000a7000000, 0x00000000a7100000|  0%| F|  |TAMS 0x00000000a7000000, 0x00000000a7000000| Untracked 
| 113|0x00000000a7100000, 0x00000000a7100000, 0x00000000a7200000|  0%| F|  |TAMS 0x00000000a7100000, 0x00000000a7100000| Untracked 
| 114|0x00000000a7200000, 0x00000000a7200000, 0x00000000a7300000|  0%| F|  |TAMS 0x00000000a7200000, 0x00000000a7200000| Untracked 
| 115|0x00000000a7300000, 0x00000000a7300000, 0x00000000a7400000|  0%| F|  |TAMS 0x00000000a7300000, 0x00000000a7300000| Untracked 
| 116|0x00000000a7400000, 0x00000000a7400000, 0x00000000a7500000|  0%| F|  |TAMS 0x00000000a7400000, 0x00000000a7400000| Untracked 
| 117|0x00000000a7500000, 0x00000000a7500000, 0x00000000a7600000|  0%| F|  |TAMS 0x00000000a7500000, 0x00000000a7500000| Untracked 
| 118|0x00000000a7600000, 0x00000000a7700000, 0x00000000a7700000|100%| E|  |TAMS 0x00000000a7600000, 0x00000000a7600000| Complete 
| 119|0x00000000a7700000, 0x00000000a7800000, 0x00000000a7800000|100%| E|CS|TAMS 0x00000000a7700000, 0x00000000a7700000| Complete 
| 120|0x00000000a7800000, 0x00000000a7900000, 0x00000000a7900000|100%| E|CS|TAMS 0x00000000a7800000, 0x00000000a7800000| Complete 
| 121|0x00000000a7900000, 0x00000000a7a00000, 0x00000000a7a00000|100%| E|CS|TAMS 0x00000000a7900000, 0x00000000a7900000| Complete 
| 122|0x00000000a7a00000, 0x00000000a7b00000, 0x00000000a7b00000|100%| E|CS|TAMS 0x00000000a7a00000, 0x00000000a7a00000| Complete 
| 123|0x00000000a7b00000, 0x00000000a7c00000, 0x00000000a7c00000|100%| E|CS|TAMS 0x00000000a7b00000, 0x00000000a7b00000| Complete 
| 124|0x00000000a7c00000, 0x00000000a7d00000, 0x00000000a7d00000|100%| E|CS|TAMS 0x00000000a7c00000, 0x00000000a7c00000| Complete 
| 125|0x00000000a7d00000, 0x00000000a7e00000, 0x00000000a7e00000|100%| E|CS|TAMS 0x00000000a7d00000, 0x00000000a7d00000| Complete 
| 126|0x00000000a7e00000, 0x00000000a7f00000, 0x00000000a7f00000|100%| E|CS|TAMS 0x00000000a7e00000, 0x00000000a7e00000| Complete 
| 127|0x00000000a7f00000, 0x00000000a8000000, 0x00000000a8000000|100%| E|CS|TAMS 0x00000000a7f00000, 0x00000000a7f00000| Complete 
| 128|0x00000000a8000000, 0x00000000a8100000, 0x00000000a8100000|100%| E|CS|TAMS 0x00000000a8000000, 0x00000000a8000000| Complete 
| 129|0x00000000a8100000, 0x00000000a8200000, 0x00000000a8200000|100%| E|CS|TAMS 0x00000000a8100000, 0x00000000a8100000| Complete 
| 130|0x00000000a8200000, 0x00000000a8300000, 0x00000000a8300000|100%| E|CS|TAMS 0x00000000a8200000, 0x00000000a8200000| Complete 
| 131|0x00000000a8300000, 0x00000000a8400000, 0x00000000a8400000|100%| E|CS|TAMS 0x00000000a8300000, 0x00000000a8300000| Complete 
| 132|0x00000000a8400000, 0x00000000a8500000, 0x00000000a8500000|100%| E|CS|TAMS 0x00000000a8400000, 0x00000000a8400000| Complete 
| 133|0x00000000a8500000, 0x00000000a8600000, 0x00000000a8600000|100%| E|CS|TAMS 0x00000000a8500000, 0x00000000a8500000| Complete 
| 134|0x00000000a8600000, 0x00000000a8700000, 0x00000000a8700000|100%| E|CS|TAMS 0x00000000a8600000, 0x00000000a8600000| Complete 
| 135|0x00000000a8700000, 0x00000000a8800000, 0x00000000a8800000|100%| E|CS|TAMS 0x00000000a8700000, 0x00000000a8700000| Complete 
| 136|0x00000000a8800000, 0x00000000a8900000, 0x00000000a8900000|100%| E|CS|TAMS 0x00000000a8800000, 0x00000000a8800000| Complete 
| 137|0x00000000a8900000, 0x00000000a8a00000, 0x00000000a8a00000|100%| E|CS|TAMS 0x00000000a8900000, 0x00000000a8900000| Complete 
| 138|0x00000000a8a00000, 0x00000000a8b00000, 0x00000000a8b00000|100%| E|CS|TAMS 0x00000000a8a00000, 0x00000000a8a00000| Complete 
| 139|0x00000000a8b00000, 0x00000000a8c00000, 0x00000000a8c00000|100%| E|CS|TAMS 0x00000000a8b00000, 0x00000000a8b00000| Complete 
| 140|0x00000000a8c00000, 0x00000000a8d00000, 0x00000000a8d00000|100%| E|CS|TAMS 0x00000000a8c00000, 0x00000000a8c00000| Complete 
| 141|0x00000000a8d00000, 0x00000000a8e00000, 0x00000000a8e00000|100%| E|CS|TAMS 0x00000000a8d00000, 0x00000000a8d00000| Complete 
| 142|0x00000000a8e00000, 0x00000000a8f00000, 0x00000000a8f00000|100%| E|CS|TAMS 0x00000000a8e00000, 0x00000000a8e00000| Complete 
| 143|0x00000000a8f00000, 0x00000000a9000000, 0x00000000a9000000|100%| E|CS|TAMS 0x00000000a8f00000, 0x00000000a8f00000| Complete 
| 144|0x00000000a9000000, 0x00000000a9100000, 0x00000000a9100000|100%| E|CS|TAMS 0x00000000a9000000, 0x00000000a9000000| Complete 
| 145|0x00000000a9100000, 0x00000000a9200000, 0x00000000a9200000|100%| E|CS|TAMS 0x00000000a9100000, 0x00000000a9100000| Complete 
| 146|0x00000000a9200000, 0x00000000a9300000, 0x00000000a9300000|100%| E|CS|TAMS 0x00000000a9200000, 0x00000000a9200000| Complete 
| 147|0x00000000a9300000, 0x00000000a9400000, 0x00000000a9400000|100%| E|CS|TAMS 0x00000000a9300000, 0x00000000a9300000| Complete 
| 148|0x00000000a9400000, 0x00000000a9500000, 0x00000000a9500000|100%| E|CS|TAMS 0x00000000a9400000, 0x00000000a9400000| Complete 
| 149|0x00000000a9500000, 0x00000000a9600000, 0x00000000a9600000|100%| E|CS|TAMS 0x00000000a9500000, 0x00000000a9500000| Complete 
| 150|0x00000000a9600000, 0x00000000a9700000, 0x00000000a9700000|100%| E|CS|TAMS 0x00000000a9600000, 0x00000000a9600000| Complete 
| 151|0x00000000a9700000, 0x00000000a9800000, 0x00000000a9800000|100%| E|CS|TAMS 0x00000000a9700000, 0x00000000a9700000| Complete 
| 152|0x00000000a9800000, 0x00000000a9900000, 0x00000000a9900000|100%| E|CS|TAMS 0x00000000a9800000, 0x00000000a9800000| Complete 
| 153|0x00000000a9900000, 0x00000000a9a00000, 0x00000000a9a00000|100%| E|CS|TAMS 0x00000000a9900000, 0x00000000a9900000| Complete 
| 154|0x00000000a9a00000, 0x00000000a9b00000, 0x00000000a9b00000|100%| E|CS|TAMS 0x00000000a9a00000, 0x00000000a9a00000| Complete 
| 155|0x00000000a9b00000, 0x00000000a9c00000, 0x00000000a9c00000|100%| E|CS|TAMS 0x00000000a9b00000, 0x00000000a9b00000| Complete 
| 156|0x00000000a9c00000, 0x00000000a9d00000, 0x00000000a9d00000|100%| E|CS|TAMS 0x00000000a9c00000, 0x00000000a9c00000| Complete 
| 157|0x00000000a9d00000, 0x00000000a9e00000, 0x00000000a9e00000|100%| E|CS|TAMS 0x00000000a9d00000, 0x00000000a9d00000| Complete 
| 158|0x00000000a9e00000, 0x00000000a9f00000, 0x00000000a9f00000|100%| E|CS|TAMS 0x00000000a9e00000, 0x00000000a9e00000| Complete 
| 159|0x00000000a9f00000, 0x00000000aa000000, 0x00000000aa000000|100%| S|CS|TAMS 0x00000000a9f00000, 0x00000000a9f00000| Complete 
| 160|0x00000000aa000000, 0x00000000aa100000, 0x00000000aa100000|100%| E|CS|TAMS 0x00000000aa000000, 0x00000000aa000000| Complete 
| 161|0x00000000aa100000, 0x00000000aa200000, 0x00000000aa200000|100%| E|CS|TAMS 0x00000000aa100000, 0x00000000aa100000| Complete 
| 162|0x00000000aa200000, 0x00000000aa300000, 0x00000000aa300000|100%| E|CS|TAMS 0x00000000aa200000, 0x00000000aa200000| Complete 
| 356|0x00000000b6400000, 0x00000000b6500000, 0x00000000b6500000|100%| E|CS|TAMS 0x00000000b6400000, 0x00000000b6400000| Complete 

Card table byte_map: [0x0000016ed3800000,0x0000016ed3b00000] _byte_map_base: 0x0000016ed3300000

Marking Bits (Prev, Next): (CMBitMap*) 0x0000016ebccd9170, (CMBitMap*) 0x0000016ebccd91b0
 Prev Bits: [0x0000016ed3e00000, 0x0000016ed5600000)
 Next Bits: [0x0000016ed5600000, 0x0000016ed6e00000)

Polling page: 0x0000016ebc430000

Metaspace:

Usage:
  Non-class:     75.60 MB used.
      Class:     10.74 MB used.
       Both:     86.34 MB used.

Virtual space:
  Non-class space:      128.00 MB reserved,      76.00 MB ( 59%) committed,  2 nodes.
      Class space:        1.00 GB reserved,      11.06 MB (  1%) committed,  1 nodes.
             Both:        1.13 GB reserved,      87.06 MB (  8%) committed. 

Chunk freelists:
   Non-Class:  3.48 MB
       Class:  4.90 MB
        Both:  8.38 MB

MaxMetaspaceSize: unlimited
CompressedClassSpaceSize: 1.00 GB
Initial GC threshold: 21.00 MB
Current GC threshold: 137.44 MB
CDS: on
MetaspaceReclaimPolicy: balanced
 - commit_granule_bytes: 65536.
 - commit_granule_words: 8192.
 - virtual_space_node_default_size: 8388608.
 - enlarge_chunks_in_place: 1.
 - new_chunks_are_fully_committed: 0.
 - uncommit_free_chunks: 1.
 - use_allocation_guard: 0.
 - handle_deallocations: 1.


Internal statistics:

num_allocs_failed_limit: 9.
num_arena_births: 956.
num_arena_deaths: 8.
num_vsnodes_births: 3.
num_vsnodes_deaths: 0.
num_space_committed: 1391.
num_space_uncommitted: 0.
num_chunks_returned_to_freelist: 21.
num_chunks_taken_from_freelist: 4042.
num_chunk_merges: 11.
num_chunk_splits: 2918.
num_chunks_enlarged: 2259.
num_inconsistent_stats: 0.

CodeHeap 'non-profiled nmethods': size=120000Kb used=5986Kb max_used=5986Kb free=114013Kb
 bounds [0x0000016ecbfd0000, 0x0000016ecc5b0000, 0x0000016ed3500000]
CodeHeap 'profiled nmethods': size=120000Kb used=15335Kb max_used=15335Kb free=104665Kb
 bounds [0x0000016ec4500000, 0x0000016ec5400000, 0x0000016ecba30000]
CodeHeap 'non-nmethods': size=5760Kb used=1955Kb max_used=1984Kb free=3804Kb
 bounds [0x0000016ecba30000, 0x0000016ecbca0000, 0x0000016ecbfd0000]
 total_blobs=8887 nmethods=7471 adapters=1328
 compilation: enabled
              stopped_count=0, restarted_count=0
 full_count=0

Compilation events (20 events):
Event: 236.320 Thread 0x0000016ed9315fb0 nmethod 8660 0x0000016ecc5a6e90 code [0x0000016ecc5a7020, 0x0000016ecc5a70f8]
Event: 236.320 Thread 0x0000016ed9315fb0 8661       3       java.time.LocalTime::getLong (50 bytes)
Event: 236.321 Thread 0x0000016ed9315fb0 nmethod 8661 0x0000016ec53f6310 code [0x0000016ec53f6500, 0x0000016ec53f69d8]
Event: 236.335 Thread 0x0000016ed9315fb0 8662       1       org.hibernate.service.spi.ServiceBinding::getLifecycleOwner (5 bytes)
Event: 236.335 Thread 0x0000016ed9315fb0 nmethod 8662 0x0000016ecc5a7190 code [0x0000016ecc5a7320, 0x0000016ecc5a73f8]
Event: 236.336 Thread 0x0000016ed9315fb0 8663       3       org.jboss.logging.Slf4jLocationAwareLogger::isEnabled (114 bytes)
Event: 236.337 Thread 0x0000016ed9315fb0 nmethod 8663 0x0000016ec53f6b10 code [0x0000016ec53f6da0, 0x0000016ec53f7658]
Event: 236.381 Thread 0x0000016ed92a8280 8664       4       java.lang.invoke.MemberName::getInvocationType (56 bytes)
Event: 236.383 Thread 0x0000016ed9315fb0 8665       3       java.util.concurrent.ThreadPoolExecutor::ctlOf (4 bytes)
Event: 236.383 Thread 0x0000016ed9315fb0 nmethod 8665 0x0000016ec53f7a10 code [0x0000016ec53f7ba0, 0x0000016ec53f7c98]
Event: 236.394 Thread 0x0000016ed9315fb0 8666       3       java.util.concurrent.LinkedBlockingQueue::size (8 bytes)
Event: 236.394 Thread 0x0000016ed9315fb0 nmethod 8666 0x0000016ec53f7d10 code [0x0000016ec53f7ea0, 0x0000016ec53f7fd8]
Event: 236.406 Thread 0x0000016ed92a8280 nmethod 8664 0x0000016ecc5a7490 code [0x0000016ecc5a76c0, 0x0000016ecc5a8210]
Event: 236.410 Thread 0x0000016ed9315fb0 8667       3       org.apache.catalina.util.LifecycleBase::fireLifecycleEvent (56 bytes)
Event: 236.411 Thread 0x0000016ed9315fb0 nmethod 8667 0x0000016ec53f8090 code [0x0000016ec53f82a0, 0x0000016ec53f8b38]
Event: 236.451 Thread 0x0000016ed9315fb0 8668       3       java.util.WeakHashMap$HashIterator::hasNext (95 bytes)
Event: 236.452 Thread 0x0000016ed9315fb0 nmethod 8668 0x0000016ec53f8d90 code [0x0000016ec53f8f60, 0x0000016ec53f94f8]
Event: 236.456 Thread 0x0000016ed9315fb0 8669       3       org.apache.juli.logging.DirectJDKLog::isDebugEnabled (11 bytes)
Event: 236.456 Thread 0x0000016ed9315fb0 nmethod 8669 0x0000016ec53f9690 code [0x0000016ec53f9840, 0x0000016ec53f9af8]
Event: 236.456 Thread 0x0000016ed9315fb0 8670  s    3       org.apache.catalina.util.LifecycleBase::setStateInternal (144 bytes)

GC Heap History (20 events):
Event: 77.767 GC heap before
{Heap before GC invocations=36 (full 0):
 garbage-first heap   total 242688K, used 72125K [0x00000000a0000000, 0x0000000100000000)
  region size 1024K, 14 young (14336K), 13 survivors (13312K)
 Metaspace       used 72941K, committed 73536K, reserved 1114112K
  class space    used 9552K, committed 9856K, reserved 1048576K
}
Event: 77.785 GC heap after
{Heap after GC invocations=37 (full 0):
 garbage-first heap   total 242688K, used 66706K [0x00000000a0000000, 0x0000000100000000)
  region size 1024K, 2 young (2048K), 2 survivors (2048K)
 Metaspace       used 72941K, committed 73536K, reserved 1114112K
  class space    used 9552K, committed 9856K, reserved 1048576K
}
Event: 78.467 GC heap before
{Heap before GC invocations=37 (full 0):
 garbage-first heap   total 242688K, used 100498K [0x00000000a0000000, 0x0000000100000000)
  region size 1024K, 37 young (37888K), 2 survivors (2048K)
 Metaspace       used 73240K, committed 73856K, reserved 1114112K
  class space    used 9572K, committed 9856K, reserved 1048576K
}
Event: 78.472 GC heap after
{Heap after GC invocations=38 (full 0):
 garbage-first heap   total 242688K, used 65681K [0x00000000a0000000, 0x0000000100000000)
  region size 1024K, 1 young (1024K), 1 survivors (1024K)
 Metaspace       used 73240K, committed 73856K, reserved 1114112K
  class space    used 9572K, committed 9856K, reserved 1048576K
}
Event: 79.671 GC heap before
{Heap before GC invocations=39 (full 0):
 garbage-first heap   total 225280K, used 193858K [0x00000000a0000000, 0x0000000100000000)
  region size 1024K, 126 young (129024K), 1 survivors (1024K)
 Metaspace       used 76814K, committed 77440K, reserved 1179648K
  class space    used 9580K, committed 9856K, reserved 1048576K
}
Event: 79.677 GC heap after
{Heap after GC invocations=40 (full 0):
 garbage-first heap   total 225280K, used 58914K [0x00000000a0000000, 0x0000000100000000)
  region size 1024K, 1 young (1024K), 1 survivors (1024K)
 Metaspace       used 76814K, committed 77440K, reserved 1179648K
  class space    used 9580K, committed 9856K, reserved 1048576K
}
Event: 79.746 GC heap before
{Heap before GC invocations=40 (full 0):
 garbage-first heap   total 225280K, used 69154K [0x00000000a0000000, 0x0000000100000000)
  region size 1024K, 11 young (11264K), 1 survivors (1024K)
 Metaspace       used 76814K, committed 77440K, reserved 1179648K
  class space    used 9580K, committed 9856K, reserved 1048576K
}
Event: 79.752 GC heap after
{Heap after GC invocations=41 (full 0):
 garbage-first heap   total 225280K, used 46375K [0x00000000a0000000, 0x0000000100000000)
  region size 1024K, 1 young (1024K), 1 survivors (1024K)
 Metaspace       used 76814K, committed 77440K, reserved 1179648K
  class space    used 9580K, committed 9856K, reserved 1048576K
}
Event: 80.746 GC heap before
{Heap before GC invocations=41 (full 0):
 garbage-first heap   total 225280K, used 179495K [0x00000000a0000000, 0x0000000100000000)
  region size 1024K, 131 young (134144K), 1 survivors (1024K)
 Metaspace       used 76814K, committed 77440K, reserved 1179648K
  class space    used 9580K, committed 9856K, reserved 1048576K
}
Event: 80.753 GC heap after
{Heap after GC invocations=42 (full 0):
 garbage-first heap   total 225280K, used 46395K [0x00000000a0000000, 0x0000000100000000)
  region size 1024K, 1 young (1024K), 1 survivors (1024K)
 Metaspace       used 76814K, committed 77440K, reserved 1179648K
  class space    used 9580K, committed 9856K, reserved 1048576K
}
Event: 87.494 GC heap before
{Heap before GC invocations=43 (full 0):
 garbage-first heap   total 198656K, used 179515K [0x00000000a0000000, 0x0000000100000000)
  region size 1024K, 132 young (135168K), 1 survivors (1024K)
 Metaspace       used 79410K, committed 80000K, reserved 1179648K
  class space    used 9900K, committed 10176K, reserved 1048576K
}
Event: 87.503 GC heap after
{Heap after GC invocations=44 (full 0):
 garbage-first heap   total 198656K, used 47110K [0x00000000a0000000, 0x0000000100000000)
  region size 1024K, 1 young (1024K), 1 survivors (1024K)
 Metaspace       used 79410K, committed 80000K, reserved 1179648K
  class space    used 9900K, committed 10176K, reserved 1048576K
}
Event: 88.739 GC heap before
{Heap before GC invocations=44 (full 0):
 garbage-first heap   total 198656K, used 54278K [0x00000000a0000000, 0x0000000100000000)
  region size 1024K, 9 young (9216K), 1 survivors (1024K)
 Metaspace       used 79410K, committed 80000K, reserved 1179648K
  class space    used 9900K, committed 10176K, reserved 1048576K
}
Event: 88.746 GC heap after
{Heap after GC invocations=45 (full 0):
 garbage-first heap   total 198656K, used 45207K [0x00000000a0000000, 0x0000000100000000)
  region size 1024K, 1 young (1024K), 1 survivors (1024K)
 Metaspace       used 79410K, committed 80000K, reserved 1179648K
  class space    used 9900K, committed 10176K, reserved 1048576K
}
Event: 93.936 GC heap before
{Heap before GC invocations=45 (full 0):
 garbage-first heap   total 198656K, used 136343K [0x00000000a0000000, 0x0000000100000000)
  region size 1024K, 92 young (94208K), 1 survivors (1024K)
 Metaspace       used 83789K, committed 84416K, reserved 1179648K
  class space    used 10524K, committed 10816K, reserved 1048576K
}
Event: 93.949 GC heap after
{Heap after GC invocations=46 (full 0):
 garbage-first heap   total 198656K, used 46384K [0x00000000a0000000, 0x0000000100000000)
  region size 1024K, 3 young (3072K), 3 survivors (3072K)
 Metaspace       used 83789K, committed 84416K, reserved 1179648K
  class space    used 10524K, committed 10816K, reserved 1048576K
}
Event: 103.571 GC heap before
{Heap before GC invocations=47 (full 0):
 garbage-first heap   total 167936K, used 158000K [0x00000000a0000000, 0x0000000100000000)
  region size 1024K, 65 young (66560K), 3 survivors (3072K)
 Metaspace       used 86796K, committed 87424K, reserved 1179648K
  class space    used 10803K, committed 11136K, reserved 1048576K
}
Event: 103.583 GC heap after
{Heap after GC invocations=48 (full 0):
 garbage-first heap   total 167936K, used 97810K [0x00000000a0000000, 0x0000000100000000)
  region size 1024K, 4 young (4096K), 4 survivors (4096K)
 Metaspace       used 86796K, committed 87424K, reserved 1179648K
  class space    used 10803K, committed 11136K, reserved 1048576K
}
Event: 104.032 GC heap before
{Heap before GC invocations=48 (full 0):
 garbage-first heap   total 167936K, used 101906K [0x00000000a0000000, 0x0000000100000000)
  region size 1024K, 8 young (8192K), 4 survivors (4096K)
 Metaspace       used 87032K, committed 87744K, reserved 1179648K
  class space    used 10830K, committed 11200K, reserved 1048576K
}
Event: 104.047 GC heap after
{Heap after GC invocations=49 (full 0):
 garbage-first heap   total 167936K, used 46625K [0x00000000a0000000, 0x0000000100000000)
  region size 1024K, 1 young (1024K), 1 survivors (1024K)
 Metaspace       used 87032K, committed 87744K, reserved 1179648K
  class space    used 10830K, committed 11200K, reserved 1048576K
}

Deoptimization events (20 events):
Event: 130.057 Thread 0x0000016f23514630 Uncommon trap: trap_request=0xffffff45 fr.pc=0x0000016ecc18f2ac relative=0x00000000000001ec
Event: 130.057 Thread 0x0000016f23514630 Uncommon trap: reason=unstable_if action=reinterpret pc=0x0000016ecc18f2ac method=java.util.HashMap.getNode(Ljava/lang/Object;)Ljava/util/HashMap$Node; @ 66 c2
Event: 130.057 Thread 0x0000016f23514630 DEOPT PACKING pc=0x0000016ecc18f2ac sp=0x00000026699fc650
Event: 130.057 Thread 0x0000016f23514630 DEOPT UNPACKING pc=0x0000016ecba823a3 sp=0x00000026699fc570 mode 2
Event: 130.057 Thread 0x0000016f23514630 Uncommon trap: trap_request=0xffffff45 fr.pc=0x0000016ecc3e92d4 relative=0x0000000000000cd4
Event: 130.057 Thread 0x0000016f23514630 Uncommon trap: reason=unstable_if action=reinterpret pc=0x0000016ecc3e92d4 method=java.util.HashMap.putVal(ILjava/lang/Object;Ljava/lang/Object;ZZ)Ljava/lang/Object; @ 94 c2
Event: 130.057 Thread 0x0000016f23514630 DEOPT PACKING pc=0x0000016ecc3e92d4 sp=0x00000026699fc5d0
Event: 130.057 Thread 0x0000016f23514630 DEOPT UNPACKING pc=0x0000016ecba823a3 sp=0x00000026699fc568 mode 2
Event: 236.062 Thread 0x0000016f235127d0 Uncommon trap: trap_request=0xffffff45 fr.pc=0x0000016ecc58efb4 relative=0x0000000000000554
Event: 236.062 Thread 0x0000016f235127d0 Uncommon trap: reason=unstable_if action=reinterpret pc=0x0000016ecc58efb4 method=org.springframework.boot.devtools.filewatch.FileSnapshot.equals(Ljava/lang/Object;)Z @ 93 c2
Event: 236.062 Thread 0x0000016f235127d0 DEOPT PACKING pc=0x0000016ecc58efb4 sp=0x00000026692ff380
Event: 236.062 Thread 0x0000016f235127d0 DEOPT UNPACKING pc=0x0000016ecba823a3 sp=0x00000026692ff340 mode 2
Event: 236.316 Thread 0x0000016f235169a0 Uncommon trap: trap_request=0xffffffde fr.pc=0x0000016ecc2be118 relative=0x00000000000008d8
Event: 236.316 Thread 0x0000016f235169a0 Uncommon trap: reason=class_check action=maybe_recompile pc=0x0000016ecc2be118 method=java.util.concurrent.ConcurrentHashMap.replaceNode(Ljava/lang/Object;Ljava/lang/Object;Ljava/lang/Object;)Ljava/lang/Object; @ 147 c2
Event: 236.316 Thread 0x0000016f235169a0 DEOPT PACKING pc=0x0000016ecc2be118 sp=0x000000266a2fee00
Event: 236.316 Thread 0x0000016f235169a0 DEOPT UNPACKING pc=0x0000016ecba823a3 sp=0x000000266a2fed78 mode 2
Event: 236.453 Thread 0x0000016f235169a0 Uncommon trap: trap_request=0xffffff76 fr.pc=0x0000016ecc411dd0 relative=0x0000000000000af0
Event: 236.453 Thread 0x0000016f235169a0 Uncommon trap: reason=predicate action=maybe_recompile pc=0x0000016ecc411dd0 method=java.util.ComparableTimSort.reverseRange([Ljava/lang/Object;II)V @ 5 c2
Event: 236.453 Thread 0x0000016f235169a0 DEOPT PACKING pc=0x0000016ecc411dd0 sp=0x000000266a2fe230
Event: 236.453 Thread 0x0000016f235169a0 DEOPT UNPACKING pc=0x0000016ecba823a3 sp=0x000000266a2fe180 mode 2

Classes unloaded (4 events):
Event: 24.600 Thread 0x0000016ed928b790 Unloading class 0x0000016edb85cc00 'jdk/internal/reflect/GeneratedSerializationConstructorAccessor4'
Event: 24.600 Thread 0x0000016ed928b790 Unloading class 0x0000016edb85c800 'jdk/internal/reflect/GeneratedSerializationConstructorAccessor3'
Event: 24.600 Thread 0x0000016ed928b790 Unloading class 0x0000016edb85c400 'jdk/internal/reflect/GeneratedSerializationConstructorAccessor2'
Event: 24.600 Thread 0x0000016ed928b790 Unloading class 0x0000016edb85c000 'jdk/internal/reflect/GeneratedSerializationConstructorAccessor1'

Classes redefined (0 events):
No events

Internal exceptions (20 events):
Event: 28.866 Thread 0x0000016f1fec56c0 Exception <a 'java/lang/NoSuchMethodError'{0x00000000a82e5ab8}: 'java.lang.Object java.lang.invoke.DirectMethodHandle$Holder.invokeSpecial(java.lang.Object, java.lang.Object, java.lang.Object, int, java.lang.Object, int)'> (0x00000000a82e5ab8) 
thrown [s\open\src\hotspot\share\interpreter\linkResolver.cpp, line 759]
Event: 71.096 Thread 0x0000016f23515a70 Implicit null exception at 0x0000016ecc22d23f to 0x0000016ecc22daac
Event: 71.099 Thread 0x0000016f23515a70 Implicit null exception at 0x0000016ecc1bda11 to 0x0000016ecc1bdb48
Event: 71.385 Thread 0x0000016f23514630 Exception <a 'java/lang/NoSuchMethodError'{0x00000000a739a6e0}: 'java.lang.Object java.lang.invoke.DirectMethodHandle$Holder.invokeSpecial(java.lang.Object, java.lang.Object, java.lang.Object, java.lang.Object, java.lang.Object, long)'> (0x00000000a739a6e0) 
thrown [s\open\src\hotspot\share\interpreter\linkResolver.cpp, line 759]
Event: 71.385 Thread 0x0000016f23514630 Exception <a 'java/lang/NoSuchMethodError'{0x00000000a739e120}: 'java.lang.Object java.lang.invoke.Invokers$Holder.linkToTargetMethod(java.lang.Object, java.lang.Object, java.lang.Object, long, java.lang.Object)'> (0x00000000a739e120) 
thrown [s\open\src\hotspot\share\interpreter\linkResolver.cpp, line 759]
Event: 78.409 Thread 0x0000016f23514630 Exception <a 'sun/nio/fs/WindowsException'{0x00000000acb587f8}> (0x00000000acb587f8) 
thrown [s\open\src\hotspot\share\prims\jni.cpp, line 516]
Event: 78.410 Thread 0x0000016f23514630 Exception <a 'sun/nio/fs/WindowsException'{0x00000000acb58828}> (0x00000000acb58828) 
thrown [s\open\src\hotspot\share\prims\jni.cpp, line 516]
Event: 91.359 Thread 0x0000016f23514630 Exception <a 'java/lang/NoSuchMethodError'{0x00000000aaae7a50}: 'void java.lang.invoke.DirectMethodHandle$Holder.invokeSpecialIFC(java.lang.Object, java.lang.Object, int, java.lang.Object, java.lang.Object, java.lang.Object, java.lang.Object)'> (0x00000000aaae7a50) 
thrown [s\open\src\hotspot\share\interpreter\linkResolver.cpp, line 759]
Event: 91.700 Thread 0x0000016f23514630 Exception <a 'java/lang/IncompatibleClassChangeError'{0x00000000aa2b7df8}: Found class java.lang.Object, but interface was expected> (0x00000000aa2b7df8) 
thrown [s\open\src\hotspot\share\interpreter\linkResolver.cpp, line 826]
Event: 94.617 Thread 0x0000016f23514630 Exception <a 'java/lang/NoSuchMethodError'{0x00000000a9d74280}: 'java.lang.Object java.lang.invoke.DirectMethodHandle$Holder.invokeInterface(java.lang.Object, java.lang.Object, java.lang.Object, java.lang.Object)'> (0x00000000a9d74280) 
thrown [s\open\src\hotspot\share\interpreter\linkResolver.cpp, line 759]
Event: 95.058 Thread 0x0000016f23514630 Exception <a 'java/lang/ClassNotFoundException'{0x00000000a9824328}: sun/awt/resources/spi/awtProvider> (0x00000000a9824328) 
thrown [s\open\src\hotspot\share\classfile\systemDictionary.cpp, line 256]
Event: 95.065 Thread 0x0000016f23514630 Exception <a 'java/io/FileNotFoundException'{0x00000000a982e1e8}> (0x00000000a982e1e8) 
thrown [s\open\src\hotspot\share\prims\jni.cpp, line 516]
Event: 95.065 Thread 0x0000016f23514630 Exception <a 'java/io/FileNotFoundException'{0x00000000a982fc58}> (0x00000000a982fc58) 
thrown [s\open\src\hotspot\share\prims\jni.cpp, line 516]
Event: 95.315 Thread 0x0000016f23514630 Exception <a 'java/lang/NoSuchMethodError'{0x00000000a977a118}: 'int java.lang.invoke.DirectMethodHandle$Holder.invokeStatic(java.lang.Object, java.lang.Object, int, int)'> (0x00000000a977a118) 
thrown [s\open\src\hotspot\share\interpreter\linkResolver.cpp, line 759]
Event: 109.558 Thread 0x0000016f23514630 Exception <a 'java/lang/RuntimeException'{0x00000000a84e7c80}> (0x00000000a84e7c80) 
thrown [s\open\src\hotspot\share\prims\jni.cpp, line 516]
Event: 109.558 Thread 0x0000016f23514630 Exception <a 'java/lang/reflect/InvocationTargetException'{0x00000000a84e84a0}> (0x00000000a84e84a0) 
thrown [s\open\src\hotspot\share\runtime\reflection.cpp, line 1121]
Event: 119.614 Thread 0x0000016f23514630 Implicit null exception at 0x0000016ecc14445a to 0x0000016ecc144799
Event: 119.642 Thread 0x0000016f23514630 Exception <a 'java/lang/reflect/InvocationTargetException'{0x00000000a8255178}> (0x00000000a8255178) 
thrown [s\open\src\hotspot\share\runtime\reflection.cpp, line 1121]
Event: 129.707 Thread 0x0000016f23514630 Exception <a 'java/lang/reflect/InvocationTargetException'{0x00000000a82ec920}> (0x00000000a82ec920) 
thrown [s\open\src\hotspot\share\runtime\reflection.cpp, line 1121]
Event: 236.455 Thread 0x0000016f234c0990 Exception <a 'java/lang/InterruptedException'{0x00000000a76dd178}: sleep interrupted> (0x00000000a76dd178) 
thrown [s\open\src\hotspot\share\prims\jvm.cpp, line 3064]

VM Operations (20 events):
Event: 129.890 Executing VM operation: Cleanup done
Event: 129.961 Executing VM operation: HandshakeAllThreads
Event: 129.961 Executing VM operation: HandshakeAllThreads done
Event: 130.045 Executing VM operation: HandshakeAllThreads
Event: 130.045 Executing VM operation: HandshakeAllThreads done
Event: 131.046 Executing VM operation: Cleanup
Event: 131.046 Executing VM operation: Cleanup done
Event: 144.055 Executing VM operation: Cleanup
Event: 144.055 Executing VM operation: Cleanup done
Event: 164.066 Executing VM operation: Cleanup
Event: 164.066 Executing VM operation: Cleanup done
Event: 182.077 Executing VM operation: Cleanup
Event: 182.077 Executing VM operation: Cleanup done
Event: 222.100 Executing VM operation: Cleanup
Event: 222.100 Executing VM operation: Cleanup done
Event: 226.103 Executing VM operation: Cleanup
Event: 226.103 Executing VM operation: Cleanup done
Event: 236.108 Executing VM operation: Cleanup
Event: 236.109 Executing VM operation: Cleanup done
Event: 236.457 Executing VM operation: G1CollectFull

Events (20 events):
Event: 236.199 Thread 0x0000016f23513c10 Thread exited: 0x0000016f23513c10
Event: 236.209 Thread 0x0000016f235131f0 Thread exited: 0x0000016f235131f0
Event: 236.210 Thread 0x0000016f23511db0 Thread exited: 0x0000016f23511db0
Event: 236.212 Thread 0x0000016f23515f80 Thread exited: 0x0000016f23515f80
Event: 236.212 Thread 0x0000016f23514630 Thread exited: 0x0000016f23514630
Event: 236.213 Thread 0x0000016f235178d0 Thread exited: 0x0000016f235178d0
Event: 236.213 Thread 0x0000016f23514120 Thread exited: 0x0000016f23514120
Event: 236.215 Thread 0x0000016f235118a0 Thread exited: 0x0000016f235118a0
Event: 236.217 Thread 0x0000016f23511390 Thread exited: 0x0000016f23511390
Event: 236.218 Thread 0x0000016f23513700 Thread exited: 0x0000016f23513700
Event: 236.220 Thread 0x0000016f23515a70 Thread exited: 0x0000016f23515a70
Event: 236.344 loading class java/util/AbstractMap$2
Event: 236.345 loading class java/util/AbstractMap$2 done
Event: 236.349 loading class java/util/AbstractMap$2$1
Event: 236.350 loading class java/util/AbstractMap$2$1 done
Event: 236.373 Thread 0x0000016f23515a70 Thread added: 0x0000016f23515a70
Event: 236.379 Thread 0x0000016f1fe0cc70 Thread exited: 0x0000016f1fe0cc70
Event: 236.387 Thread 0x0000016f1fe0d690 Thread exited: 0x0000016f1fe0d690
Event: 236.397 Thread 0x0000016f23515a70 Thread exited: 0x0000016f23515a70
Event: 236.455 Thread 0x0000016f234c0990 Thread exited: 0x0000016f234c0990


Dynamic libraries:
0x00007ff76fb60000 - 0x00007ff76fb70000 	C:\Program Files\Java\jdk-17\bin\javaw.exe
0x00007ff8deaf0000 - 0x00007ff8decdd000 	C:\Windows\SYSTEM32\ntdll.dll
0x00007ff8de270000 - 0x00007ff8de323000 	C:\Windows\System32\KERNEL32.DLL
0x00007ff8dad00000 - 0x00007ff8daf93000 	C:\Windows\System32\KERNELBASE.dll
0x00007ff8dafa0000 - 0x00007ff8db09a000 	C:\Windows\System32\ucrtbase.dll
0x00007ff8cef90000 - 0x00007ff8cefa9000 	C:\Program Files\Java\jdk-17\bin\jli.dll
0x00007ff8dde60000 - 0x00007ff8ddf03000 	C:\Windows\System32\ADVAPI32.dll
0x00007ff8ddf10000 - 0x00007ff8ddfae000 	C:\Windows\System32\msvcrt.dll
0x00007ff8ddaa0000 - 0x00007ff8ddb3e000 	C:\Windows\System32\sechost.dll
0x00007ff8ddcf0000 - 0x00007ff8dde12000 	C:\Windows\System32\RPCRT4.dll
0x00007ff8dd3d0000 - 0x00007ff8dd567000 	C:\Windows\System32\USER32.dll
0x00007ff8db0a0000 - 0x00007ff8db0c0000 	C:\Windows\System32\win32u.dll
0x00007ff8de0b0000 - 0x00007ff8de0d9000 	C:\Windows\System32\GDI32.dll
0x00007ff8dbac0000 - 0x00007ff8dbc59000 	C:\Windows\System32\gdi32full.dll
0x00007ff8dac10000 - 0x00007ff8dacb0000 	C:\Windows\System32\msvcp_win.dll
0x00007ff8cef70000 - 0x00007ff8cef8b000 	C:\Program Files\Java\jdk-17\bin\VCRUNTIME140.dll
0x00007ff8c2860000 - 0x00007ff8c2ad9000 	C:\Windows\WinSxS\amd64_microsoft.windows.common-controls_6595b64144ccf1df_6.0.17763.737_none_05b6437c071e554b\COMCTL32.dll
0x00007ff8dd750000 - 0x00007ff8dda7c000 	C:\Windows\System32\combase.dll
0x00007ff8db810000 - 0x00007ff8db88e000 	C:\Windows\System32\bcryptPrimitives.dll
0x00007ff8d0b10000 - 0x00007ff8d0b1a000 	C:\Windows\SYSTEM32\VERSION.dll
0x00007ff8dde20000 - 0x00007ff8dde4e000 	C:\Windows\System32\IMM32.DLL
0x00007ff8cef60000 - 0x00007ff8cef6c000 	C:\Program Files\Java\jdk-17\bin\vcruntime140_1.dll
0x00007ff8b8860000 - 0x00007ff8b88ee000 	C:\Program Files\Java\jdk-17\bin\msvcp140.dll
0x00007ff8a5770000 - 0x00007ff8a6351000 	C:\Program Files\Java\jdk-17\bin\server\jvm.dll
0x00007ff8dde50000 - 0x00007ff8dde58000 	C:\Windows\System32\PSAPI.DLL
0x00007ff8abe40000 - 0x00007ff8abe49000 	C:\Windows\SYSTEM32\WSOCK32.dll
0x00007ff8d8b80000 - 0x00007ff8d8ba4000 	C:\Windows\SYSTEM32\WINMM.dll
0x00007ff8de030000 - 0x00007ff8de09d000 	C:\Windows\System32\WS2_32.dll
0x00007ff8d8b50000 - 0x00007ff8d8b7d000 	C:\Windows\SYSTEM32\WINMMBASE.dll
0x00007ff8dacb0000 - 0x00007ff8dacfa000 	C:\Windows\System32\cfgmgr32.dll
0x00007ff8daae0000 - 0x00007ff8daaf1000 	C:\Windows\System32\kernel.appcore.dll
0x00007ff8bfef0000 - 0x00007ff8bfefa000 	C:\Program Files\Java\jdk-17\bin\jimage.dll
0x00007ff8cd1e0000 - 0x00007ff8cd3cd000 	C:\Windows\SYSTEM32\DBGHELP.DLL
0x00007ff8cd1b0000 - 0x00007ff8cd1da000 	C:\Windows\SYSTEM32\dbgcore.DLL
0x00007ff8b9a00000 - 0x00007ff8b9a25000 	C:\Program Files\Java\jdk-17\bin\java.dll
0x00007ff8b0b60000 - 0x00007ff8b0c37000 	C:\Program Files\Java\jdk-17\bin\jsvml.dll
0x00007ff8dbed0000 - 0x00007ff8dd3c2000 	C:\Windows\System32\SHELL32.dll
0x00007ff8de0f0000 - 0x00007ff8de198000 	C:\Windows\System32\shcore.dll
0x00007ff8db0c0000 - 0x00007ff8db80a000 	C:\Windows\System32\windows.storage.dll
0x00007ff8dab80000 - 0x00007ff8daba4000 	C:\Windows\System32\profapi.dll
0x00007ff8dab00000 - 0x00007ff8dab5d000 	C:\Windows\System32\powrprof.dll
0x00007ff8de390000 - 0x00007ff8de3e2000 	C:\Windows\System32\shlwapi.dll
0x00007ff8db890000 - 0x00007ff8db8a7000 	C:\Windows\System32\cryptsp.dll
0x00007ff8bed20000 - 0x00007ff8bed39000 	C:\Program Files\Java\jdk-17\bin\net.dll
0x00007ff8d4810000 - 0x00007ff8d4902000 	C:\Windows\SYSTEM32\WINHTTP.dll
0x00007ff8da2f0000 - 0x00007ff8da357000 	C:\Windows\system32\mswsock.dll
0x00007ff8becd0000 - 0x00007ff8bece6000 	C:\Program Files\Java\jdk-17\bin\nio.dll
0x00007ff8bec20000 - 0x00007ff8bec38000 	C:\Program Files\Java\jdk-17\bin\zip.dll
0x00007ff8cef50000 - 0x00007ff8cef5a000 	C:\Program Files\Java\jdk-17\bin\management.dll
0x00007ff8cef40000 - 0x00007ff8cef4b000 	C:\Program Files\Java\jdk-17\bin\management_ext.dll
0x00007ff8cf220000 - 0x00007ff8cf22e000 	C:\Program Files\Java\jdk-17\bin\sunmscapi.dll
0x00007ff8db8e0000 - 0x00007ff8dbabb000 	C:\Windows\System32\CRYPT32.dll
0x00007ff8dab60000 - 0x00007ff8dab72000 	C:\Windows\System32\MSASN1.dll
0x00007ff8da5c0000 - 0x00007ff8da5e6000 	C:\Windows\SYSTEM32\ncrypt.dll
0x00007ff8db8b0000 - 0x00007ff8db8d6000 	C:\Windows\System32\bcrypt.dll
0x00007ff8da580000 - 0x00007ff8da5bc000 	C:\Windows\SYSTEM32\NTASN1.dll
0x00007ff8d9e70000 - 0x00007ff8d9ea3000 	C:\Windows\system32\rsaenh.dll
0x00007ff8da9e0000 - 0x00007ff8daa08000 	C:\Windows\SYSTEM32\USERENV.dll
0x00007ff8da4c0000 - 0x00007ff8da4cc000 	C:\Windows\SYSTEM32\CRYPTBASE.dll
0x00007ff8da010000 - 0x00007ff8da04d000 	C:\Windows\SYSTEM32\IPHLPAPI.DLL
0x00007ff8de0e0000 - 0x00007ff8de0e8000 	C:\Windows\System32\NSI.dll
0x00007ff8d3790000 - 0x00007ff8d37a6000 	C:\Windows\SYSTEM32\dhcpcsvc6.DLL
0x00007ff8d35b0000 - 0x00007ff8d35cc000 	C:\Windows\SYSTEM32\dhcpcsvc.DLL
0x00007ff8da050000 - 0x00007ff8da116000 	C:\Windows\SYSTEM32\DNSAPI.dll
0x00007ff8bfee0000 - 0x00007ff8bfef0000 	C:\Program Files\Java\jdk-17\bin\verify.dll
0x00007ff8d4cd0000 - 0x00007ff8d4ce6000 	C:\Windows\system32\napinsp.dll
0x00007ff8d7310000 - 0x00007ff8d731e000 	C:\Windows\System32\winrnr.dll
0x00007ff8d43d0000 - 0x00007ff8d43eb000 	C:\Windows\system32\NLAapi.dll
0x00007ff8d4cb0000 - 0x00007ff8d4cc5000 	C:\Windows\system32\wshbth.dll
0x00007ff8d17c0000 - 0x00007ff8d17ca000 	C:\Windows\System32\rasadhlp.dll
0x00007ff8d2800000 - 0x00007ff8d2879000 	C:\Windows\System32\fwpuclnt.dll
0x00007ff8bdfd0000 - 0x00007ff8bdfd7000 	C:\Windows\system32\wshunix.dll
0x0000016ebcc00000 - 0x0000016ebcc03000 	C:\Users\Iuri\.javacpp\cache\javacpp-1.5.5-windows-x86_64.jar\org\bytedeco\javacpp\windows-x86_64\api-ms-win-crt-locale-l1-1-0.dll
0x0000016ebcc10000 - 0x0000016ebcc14000 	C:\Users\Iuri\.javacpp\cache\javacpp-1.5.5-windows-x86_64.jar\org\bytedeco\javacpp\windows-x86_64\api-ms-win-crt-string-l1-1-0.dll
0x0000016ebcc20000 - 0x0000016ebcc24000 	C:\Users\Iuri\.javacpp\cache\javacpp-1.5.5-windows-x86_64.jar\org\bytedeco\javacpp\windows-x86_64\api-ms-win-crt-stdio-l1-1-0.dll
0x0000016ed9cb0000 - 0x0000016ed9cb5000 	C:\Users\Iuri\.javacpp\cache\javacpp-1.5.5-windows-x86_64.jar\org\bytedeco\javacpp\windows-x86_64\api-ms-win-crt-math-l1-1-0.dll
0x0000016ed9cc0000 - 0x0000016ed9cc3000 	C:\Users\Iuri\.javacpp\cache\javacpp-1.5.5-windows-x86_64.jar\org\bytedeco\javacpp\windows-x86_64\api-ms-win-crt-heap-l1-1-0.dll
0x0000016ed9cd0000 - 0x0000016ed9cd4000 	C:\Users\Iuri\.javacpp\cache\javacpp-1.5.5-windows-x86_64.jar\org\bytedeco\javacpp\windows-x86_64\api-ms-win-crt-runtime-l1-1-0.dll
0x0000016ed9ce0000 - 0x0000016ed9ce4000 	C:\Users\Iuri\.javacpp\cache\javacpp-1.5.5-windows-x86_64.jar\org\bytedeco\javacpp\windows-x86_64\api-ms-win-crt-convert-l1-1-0.dll
0x0000016ed9cf0000 - 0x0000016ed9cf3000 	C:\Users\Iuri\.javacpp\cache\javacpp-1.5.5-windows-x86_64.jar\org\bytedeco\javacpp\windows-x86_64\api-ms-win-crt-environment-l1-1-0.dll
0x0000016ed9d00000 - 0x0000016ed9d03000 	C:\Users\Iuri\.javacpp\cache\javacpp-1.5.5-windows-x86_64.jar\org\bytedeco\javacpp\windows-x86_64\api-ms-win-crt-time-l1-1-0.dll
0x0000016ed9d10000 - 0x0000016ed9d13000 	C:\Users\Iuri\.javacpp\cache\javacpp-1.5.5-windows-x86_64.jar\org\bytedeco\javacpp\windows-x86_64\api-ms-win-crt-filesystem-l1-1-0.dll
0x0000016ed9d20000 - 0x0000016ed9d23000 	C:\Users\Iuri\.javacpp\cache\javacpp-1.5.5-windows-x86_64.jar\org\bytedeco\javacpp\windows-x86_64\api-ms-win-crt-utility-l1-1-0.dll
0x0000016ed9d30000 - 0x0000016ed9d35000 	C:\Users\Iuri\.javacpp\cache\javacpp-1.5.5-windows-x86_64.jar\org\bytedeco\javacpp\windows-x86_64\api-ms-win-crt-multibyte-l1-1-0.dll
0x0000016ed9d40000 - 0x0000016ed9d43000 	C:\Users\Iuri\.javacpp\cache\javacpp-1.5.5-windows-x86_64.jar\org\bytedeco\javacpp\windows-x86_64\api-ms-win-core-string-l1-1-0.dll
0x0000016ed9d50000 - 0x0000016ed9d53000 	C:\Users\Iuri\.javacpp\cache\javacpp-1.5.5-windows-x86_64.jar\org\bytedeco\javacpp\windows-x86_64\api-ms-win-core-errorhandling-l1-1-0.dll
0x0000016ed9d60000 - 0x0000016ed9d63000 	C:\Users\Iuri\.javacpp\cache\javacpp-1.5.5-windows-x86_64.jar\org\bytedeco\javacpp\windows-x86_64\api-ms-win-core-timezone-l1-1-0.dll
0x0000016ed9d70000 - 0x0000016ed9d74000 	C:\Users\Iuri\.javacpp\cache\javacpp-1.5.5-windows-x86_64.jar\org\bytedeco\javacpp\windows-x86_64\api-ms-win-core-file-l1-1-0.dll
0x0000016ed9d80000 - 0x0000016ed9d83000 	C:\Users\Iuri\.javacpp\cache\javacpp-1.5.5-windows-x86_64.jar\org\bytedeco\javacpp\windows-x86_64\api-ms-win-core-namedpipe-l1-1-0.dll
0x0000016ed9d90000 - 0x0000016ed9d93000 	C:\Users\Iuri\.javacpp\cache\javacpp-1.5.5-windows-x86_64.jar\org\bytedeco\javacpp\windows-x86_64\api-ms-win-core-handle-l1-1-0.dll
0x0000016ed9da0000 - 0x0000016ed9da3000 	C:\Users\Iuri\.javacpp\cache\javacpp-1.5.5-windows-x86_64.jar\org\bytedeco\javacpp\windows-x86_64\api-ms-win-core-file-l2-1-0.dll
0x0000016ed9db0000 - 0x0000016ed9db3000 	C:\Users\Iuri\.javacpp\cache\javacpp-1.5.5-windows-x86_64.jar\org\bytedeco\javacpp\windows-x86_64\api-ms-win-core-heap-l1-1-0.dll
0x0000016ed9dc0000 - 0x0000016ed9dc3000 	C:\Users\Iuri\.javacpp\cache\javacpp-1.5.5-windows-x86_64.jar\org\bytedeco\javacpp\windows-x86_64\api-ms-win-core-libraryloader-l1-1-0.dll
0x0000016ed9dd0000 - 0x0000016ed9dd3000 	C:\Users\Iuri\.javacpp\cache\javacpp-1.5.5-windows-x86_64.jar\org\bytedeco\javacpp\windows-x86_64\api-ms-win-core-synch-l1-1-0.dll
0x0000016ed9de0000 - 0x0000016ed9de3000 	C:\Users\Iuri\.javacpp\cache\javacpp-1.5.5-windows-x86_64.jar\org\bytedeco\javacpp\windows-x86_64\api-ms-win-core-processthreads-l1-1-0.dll
0x0000016ed9df0000 - 0x0000016ed9df3000 	C:\Users\Iuri\.javacpp\cache\javacpp-1.5.5-windows-x86_64.jar\org\bytedeco\javacpp\windows-x86_64\api-ms-win-core-processenvironment-l1-1-0.dll
0x0000016ed9e00000 - 0x0000016ed9e03000 	C:\Users\Iuri\.javacpp\cache\javacpp-1.5.5-windows-x86_64.jar\org\bytedeco\javacpp\windows-x86_64\api-ms-win-core-datetime-l1-1-0.dll
0x0000016ed9e10000 - 0x0000016ed9e13000 	C:\Users\Iuri\.javacpp\cache\javacpp-1.5.5-windows-x86_64.jar\org\bytedeco\javacpp\windows-x86_64\api-ms-win-core-localization-l1-2-0.dll
0x0000016ed9e20000 - 0x0000016ed9e23000 	C:\Users\Iuri\.javacpp\cache\javacpp-1.5.5-windows-x86_64.jar\org\bytedeco\javacpp\windows-x86_64\api-ms-win-core-sysinfo-l1-1-0.dll
0x0000016ed9e30000 - 0x0000016ed9e33000 	C:\Users\Iuri\.javacpp\cache\javacpp-1.5.5-windows-x86_64.jar\org\bytedeco\javacpp\windows-x86_64\api-ms-win-core-synch-l1-2-0.dll
0x0000016ed9e40000 - 0x0000016ed9e43000 	C:\Users\Iuri\.javacpp\cache\javacpp-1.5.5-windows-x86_64.jar\org\bytedeco\javacpp\windows-x86_64\api-ms-win-core-console-l1-1-0.dll
0x0000016ed9e50000 - 0x0000016ed9e53000 	C:\Users\Iuri\.javacpp\cache\javacpp-1.5.5-windows-x86_64.jar\org\bytedeco\javacpp\windows-x86_64\api-ms-win-core-debug-l1-1-0.dll
0x0000016ed9e60000 - 0x0000016ed9e63000 	C:\Users\Iuri\.javacpp\cache\javacpp-1.5.5-windows-x86_64.jar\org\bytedeco\javacpp\windows-x86_64\api-ms-win-core-rtlsupport-l1-1-0.dll
0x0000016ed9e70000 - 0x0000016ed9e73000 	C:\Users\Iuri\.javacpp\cache\javacpp-1.5.5-windows-x86_64.jar\org\bytedeco\javacpp\windows-x86_64\api-ms-win-core-processthreads-l1-1-1.dll
0x0000016ed9e80000 - 0x0000016ed9e83000 	C:\Users\Iuri\.javacpp\cache\javacpp-1.5.5-windows-x86_64.jar\org\bytedeco\javacpp\windows-x86_64\api-ms-win-core-file-l1-2-0.dll
0x0000016ed9e90000 - 0x0000016ed9e93000 	C:\Users\Iuri\.javacpp\cache\javacpp-1.5.5-windows-x86_64.jar\org\bytedeco\javacpp\windows-x86_64\api-ms-win-core-profile-l1-1-0.dll
0x0000016ed9ea0000 - 0x0000016ed9ea3000 	C:\Users\Iuri\.javacpp\cache\javacpp-1.5.5-windows-x86_64.jar\org\bytedeco\javacpp\windows-x86_64\api-ms-win-core-memory-l1-1-0.dll
0x0000016ed9eb0000 - 0x0000016ed9eb3000 	C:\Users\Iuri\.javacpp\cache\javacpp-1.5.5-windows-x86_64.jar\org\bytedeco\javacpp\windows-x86_64\api-ms-win-core-util-l1-1-0.dll
0x0000016ed9ec0000 - 0x0000016ed9ec3000 	C:\Users\Iuri\.javacpp\cache\javacpp-1.5.5-windows-x86_64.jar\org\bytedeco\javacpp\windows-x86_64\api-ms-win-core-interlocked-l1-1-0.dll
0x00007ff8b0960000 - 0x00007ff8b0a5a000 	C:\Users\Iuri\.javacpp\cache\javacpp-1.5.5-windows-x86_64.jar\org\bytedeco\javacpp\windows-x86_64\ucrtbase.dll
0x00007ff8b9be0000 - 0x00007ff8b9bf5000 	C:\Users\Iuri\.javacpp\cache\javacpp-1.5.5-windows-x86_64.jar\org\bytedeco\javacpp\windows-x86_64\vcruntime140.dll
0x00007ff8cf290000 - 0x00007ff8cf29c000 	C:\Users\Iuri\.javacpp\cache\javacpp-1.5.5-windows-x86_64.jar\org\bytedeco\javacpp\windows-x86_64\vcruntime140_1.dll
0x00007ff8b9ac0000 - 0x00007ff8b9b5b000 	C:\Users\Iuri\.javacpp\cache\javacpp-1.5.5-windows-x86_64.jar\org\bytedeco\javacpp\windows-x86_64\msvcp140.dll
0x00007ff8bed40000 - 0x00007ff8bed49000 	C:\Users\Iuri\.javacpp\cache\javacpp-1.5.5-windows-x86_64.jar\org\bytedeco\javacpp\windows-x86_64\msvcp140_1.dll
0x00007ff8b5d00000 - 0x00007ff8b5d51000 	C:\Users\Iuri\.javacpp\cache\javacpp-1.5.5-windows-x86_64.jar\org\bytedeco\javacpp\windows-x86_64\concrt140.dll
0x00007ff8b9a40000 - 0x00007ff8b9a67000 	C:\Users\Iuri\.javacpp\cache\javacpp-1.5.5-windows-x86_64.jar\org\bytedeco\javacpp\windows-x86_64\vcomp140.dll
0x00007ff8bc940000 - 0x00007ff8bc94e000 	C:\Users\Iuri\.javacpp\cache\javacpp-1.5.5-windows-x86_64.jar\org\bytedeco\javacpp\windows-x86_64\jnijavacpp.dll
0x000000006d7c0000 - 0x000000006f2cd000 	C:\Users\Iuri\.javacpp\cache\openblas-0.3.13-1.5.5-windows-x86_64.jar\org\bytedeco\openblas\windows-x86_64\libopenblas_nolapack.dll
0x00007ff8b0900000 - 0x00007ff8b095d000 	C:\Users\Iuri\.javacpp\cache\openblas-0.3.13-1.5.5-windows-x86_64.jar\org\bytedeco\openblas\windows-x86_64\jniopenblas_nolapack.dll
0x00000000009e0000 - 0x00000000024ed000 	C:\Users\Iuri\.javacpp\cache\openblas-0.3.13-1.5.5-windows-x86_64.jar\org\bytedeco\openblas\windows-x86_64\libopenblas.dll
0x00007ff89f000000 - 0x00007ff8a03f4000 	C:\Users\Iuri\.javacpp\cache\openblas-0.3.13-1.5.5-windows-x86_64.jar\org\bytedeco\openblas\windows-x86_64\jniopenblas.dll
0x00007ff8afe70000 - 0x00007ff8b02d3000 	C:\Users\Iuri\.javacpp\cache\opencv-4.5.1-1.5.5-windows-x86_64.jar\org\bytedeco\opencv\windows-x86_64\opencv_core451.dll
0x00007ff8ac9e0000 - 0x00007ff8ad0f8000 	C:\Users\Iuri\.javacpp\cache\opencv-4.5.1-1.5.5-windows-x86_64.jar\org\bytedeco\opencv\windows-x86_64\opencv_imgproc451.dll
0x00007ff8afbe0000 - 0x00007ff8afe63000 	C:\Users\Iuri\.javacpp\cache\opencv-4.5.1-1.5.5-windows-x86_64.jar\org\bytedeco\opencv\windows-x86_64\jniopencv_core.dll
0x00007ff8afab0000 - 0x00007ff8afbd1000 	C:\Users\Iuri\.javacpp\cache\opencv-4.5.1-1.5.5-windows-x86_64.jar\org\bytedeco\opencv\windows-x86_64\jniopencv_imgproc.dll
0x00007ff8ac2e0000 - 0x00007ff8ac6f8000 	C:\Users\Iuri\.javacpp\cache\opencv-4.5.1-1.5.5-windows-x86_64.jar\org\bytedeco\opencv\windows-x86_64\opencv_imgcodecs451.dll
0x00007ff8b99d0000 - 0x00007ff8b9a00000 	C:\Users\Iuri\.javacpp\cache\opencv-4.5.1-1.5.5-windows-x86_64.jar\org\bytedeco\opencv\windows-x86_64\jniopencv_imgcodecs.dll
0x00007ff8b0850000 - 0x00007ff8b08fb000 	C:\Users\Iuri\.javacpp\cache\opencv-4.5.1-1.5.5-windows-x86_64.jar\org\bytedeco\opencv\windows-x86_64\opencv_videoio451.dll

dbghelp: loaded successfully - version: 4.0.5 - missing functions: none
symbol engine: initialized successfully - sym options: 0x614 - pdb path: .;C:\Program Files\Java\jdk-17\bin;C:\Windows\SYSTEM32;C:\Windows\WinSxS\amd64_microsoft.windows.common-controls_6595b64144ccf1df_6.0.17763.737_none_05b6437c071e554b;C:\Program Files\Java\jdk-17\bin\server;C:\Users\Iuri\.javacpp\cache\javacpp-1.5.5-windows-x86_64.jar\org\bytedeco\javacpp\windows-x86_64;C:\Users\Iuri\.javacpp\cache\openblas-0.3.13-1.5.5-windows-x86_64.jar\org\bytedeco\openblas\windows-x86_64;C:\Users\Iuri\.javacpp\cache\opencv-4.5.1-1.5.5-windows-x86_64.jar\org\bytedeco\opencv\windows-x86_64;C:\Users\Iuri\.javacpp\cache\ffmpeg-4.3.2-1.5.5-windows-x86_64.jar\org\bytedeco\ffmpeg\windows-x86_64

VM Arguments:
jvm_args: -Dfile.encoding=UTF-8 -Dstdout.encoding=UTF-8 -Dstderr.encoding=UTF-8 -XX:+ShowCodeDetailsInExceptionMessages 
java_command: com.br.face.FaceApplication
java_class_path (initial): C:\Users\Iuri\Desktop\face\target\classes;C:\Users\Iuri\.m2\repository\org\springframework\boot\spring-boot-starter-web\3.2.3\spring-boot-starter-web-3.2.3.jar;C:\Users\Iuri\.m2\repository\org\springframework\boot\spring-boot-starter\3.2.3\spring-boot-starter-3.2.3.jar;C:\Users\Iuri\.m2\repository\org\springframework\boot\spring-boot-starter-logging\3.2.3\spring-boot-starter-logging-3.2.3.jar;C:\Users\Iuri\.m2\repository\ch\qos\logback\logback-classic\1.4.14\logback-classic-1.4.14.jar;C:\Users\Iuri\.m2\repository\ch\qos\logback\logback-core\1.4.14\logback-core-1.4.14.jar;C:\Users\Iuri\.m2\repository\org\apache\logging\log4j\log4j-to-slf4j\2.21.1\log4j-to-slf4j-2.21.1.jar;C:\Users\Iuri\.m2\repository\org\apache\logging\log4j\log4j-api\2.21.1\log4j-api-2.21.1.jar;C:\Users\Iuri\.m2\repository\org\slf4j\jul-to-slf4j\2.0.12\jul-to-slf4j-2.0.12.jar;C:\Users\Iuri\.m2\repository\jakarta\annotation\jakarta.annotation-api\2.1.1\jakarta.annotation-api-2.1.1.jar;C:\Users\Iuri\.m2\repository\org\yaml\snakeyaml\2.2\snakeyaml-2.2.jar;C:\Users\Iuri\.m2\repository\org\springframework\boot\spring-boot-starter-json\3.2.3\spring-boot-starter-json-3.2.3.jar;C:\Users\Iuri\.m2\repository\com\fasterxml\jackson\core\jackson-databind\2.15.4\jackson-databind-2.15.4.jar;C:\Users\Iuri\.m2\repository\com\fasterxml\jackson\core\jackson-annotations\2.15.4\jackson-annotations-2.15.4.jar;C:\Users\Iuri\.m2\repository\com\fasterxml\jackson\core\jackson-core\2.15.4\jackson-core-2.15.4.jar;C:\Users\Iuri\.m2\repository\com\fasterxml\jackson\datatype\jackson-datatype-jdk8\2.15.4\jackson-datatype-jdk8-2.15.4.jar;C:\Users\Iuri\.m2\repository\com\fasterxml\jackson\datatype\jackson-datatype-jsr310\2.15.4\jackson-datatype-jsr310-2.15.4.jar;C:\Users\Iuri\.m2\repository\com\fasterxml\jackson\module\jackson-module-parameter-names\2.15.4\jackson-module-parameter-names-2.15.4.jar;C:\Users\Iuri\.m2\repository\org\springframework\boot\spring-boot-starter-tomcat\3.2.3\spring-boot-starter-t
Launcher Type: SUN_STANDARD

[Global flags]
     intx CICompilerCount                          = 3                                         {product} {ergonomic}
     uint ConcGCThreads                            = 1                                         {product} {ergonomic}
     uint G1ConcRefinementThreads                  = 4                                         {product} {ergonomic}
   size_t G1HeapRegionSize                         = 1048576                                   {product} {ergonomic}
    uintx GCDrainStackTargetSize                   = 64                                        {product} {ergonomic}
   size_t InitialHeapSize                          = 100663296                                 {product} {ergonomic}
   size_t MarkStackSize                            = 4194304                                   {product} {ergonomic}
   size_t MaxHeapSize                              = 1610612736                                {product} {ergonomic}
   size_t MaxNewSize                               = 965738496                                 {product} {ergonomic}
   size_t MinHeapDeltaBytes                        = 1048576                                   {product} {ergonomic}
   size_t MinHeapSize                              = 8388608                                   {product} {ergonomic}
    uintx NonNMethodCodeHeapSize                   = 5832780                                {pd product} {ergonomic}
    uintx NonProfiledCodeHeapSize                  = 122912730                              {pd product} {ergonomic}
    uintx ProfiledCodeHeapSize                     = 122912730                              {pd product} {ergonomic}
    uintx ReservedCodeCacheSize                    = 251658240                              {pd product} {ergonomic}
     bool SegmentedCodeCache                       = true                                      {product} {ergonomic}
     bool ShowCodeDetailsInExceptionMessages       = true                                   {manageable} {command line}
   size_t SoftMaxHeapSize                          = 1610612736                             {manageable} {ergonomic}
     bool UseCompressedClassPointers               = true                           {product lp64_product} {ergonomic}
     bool UseCompressedOops                        = true                           {product lp64_product} {ergonomic}
     bool UseG1GC                                  = true                                      {product} {ergonomic}
     bool UseLargePagesIndividualAllocation        = false                                  {pd product} {ergonomic}

Logging:
Log output configuration:
 #0: stdout all=warning uptime,level,tags
 #1: stderr all=off uptime,level,tags

Environment Variables:
PATH=C:\Program Files\Common Files\Oracle\Java\javapath;C:\Windows\system32;C:\Windows;C:\Windows\System32\Wbem;C:\Windows\System32\WindowsPowerShell\v1.0\;C:\Windows\System32\OpenSSH\;C:\Program Files\Microsoft SQL Server\Client SDK\ODBC\170\Tools\Binn\;C:\Program Files\Azure Data Studio\bin;C:\Program Files (x86)\Microsoft SQL Server\150\Tools\Binn\;C:\Program Files\Microsoft SQL Server\150\Tools\Binn\;C:\Program Files (x86)\Microsoft SQL Server\150\DTS\Binn\;C:\Program Files\Microsoft SQL Server\150\DTS\Binn\;C:\Program Files (x86)\Microsoft SQL Server\160\DTS\Binn\;C:\Program Files\nodejs\;C:\Program Files\Git\cmd;C:\Users\Iuri\AppData\Local\Microsoft\WindowsApps;;C:\Program Files\Azure Data Studio\bin;C:\Users\Iuri\AppData\Roaming\npm;C:\Users\Iuri\AppData\Local\Programs\Microsoft VS Code\bin
USERNAME=Iuri
OS=Windows_NT
PROCESSOR_IDENTIFIER=Intel64 Family 6 Model 61 Stepping 2, GenuineIntel



---------------  S Y S T E M  ---------------

OS:
 Windows Server 2019 , 64 bit Build 17763 (10.0.17763.475)
OS uptime: 133 days 14:43 hours
KVM virtualization detected

CPU: total 4 (initial active 4) (1 cores per cpu, 1 threads per core) family 6 model 61 stepping 2 microcode 0x1, cx8, cmov, fxsr, mmx, 3dnowpref, sse, sse2, sse3, ssse3, sse4.1, sse4.2, popcnt, lzcnt, tsc, avx, avx2, aes, erms, clmul, bmi1, bmi2, rtm, adx, fma, vzeroupper, clflush, hv

Memory: 4k page, system-wide physical 6143M (337M free)
TotalPageFile size 12474M (AvailPageFile size 165M)
current process WorkingSet (physical memory assigned to process): 1580M, peak: 1584M
current process commit charge ("private bytes"): 3279M, peak: 3324M

vm_info: Java HotSpot(TM) 64-Bit Server VM (17.0.9+11-LTS-201) for windows-amd64 JRE (17.0.9+11-LTS-201), built on Oct 10 2023 23:16:06 by "mach5one" with MS VC++ 17.1 (VS2022)

END.
